<?xml version="1.0" encoding="UTF-8"?>
<testng-results ignored="0" total="1" passed="1" failed="0" skipped="0">
  <reporter-output>
  </reporter-output>
  <suite started-at="2022-01-20T20:34:29 CST" name="Command line suite" finished-at="2022-01-20T20:34:31 CST" duration-ms="1715">
    <groups>
      <group name="cucumber">
        <method signature="AbstractTestNGCucumberTests.feature(cucumber.api.testng.CucumberFeatureWrapper)[pri:0, instance:RuncCukesTest@6771beb3]" name="feature" class="cucumber.api.testng.AbstractTestNGCucumberTests"/>
      </group> <!-- cucumber -->
    </groups>
    <test started-at="2022-01-20T20:34:29 CST" name="Command line test" finished-at="2022-01-20T20:34:31 CST" duration-ms="1715">
      <class name="RuncCukesTest">
        <test-method is-config="true" signature="setUpClass()[pri:0, instance:RuncCukesTest@6771beb3]" started-at="2022-01-20T20:34:29 CST" name="setUpClass" finished-at="2022-01-20T20:34:30 CST" duration-ms="826" status="PASS">
          <reporter-output>
          </reporter-output>
        </test-method> <!-- setUpClass -->
        <test-method signature="feature(cucumber.api.testng.CucumberFeatureWrapper)[pri:0, instance:RuncCukesTest@6771beb3]" started-at="2022-01-20T20:34:30 CST" name="feature" description="Runs Cucumber Feature" data-provider="features" finished-at="2022-01-20T20:34:31 CST" duration-ms="581" status="PASS">
          <params>
            <param index="0">
              <value>
                <![CDATA[Search]]>
              </value>
            </param>
          </params>
          <reporter-output>
          </reporter-output>
        </test-method> <!-- feature -->
        <test-method is-config="true" signature="tearDownClass()[pri:0, instance:RuncCukesTest@6771beb3]" started-at="2022-01-20T20:34:31 CST" name="tearDownClass" finished-at="2022-01-20T20:34:31 CST" duration-ms="33" status="PASS">
          <reporter-output>
          </reporter-output>
        </test-method> <!-- tearDownClass -->
      </class> <!-- RuncCukesTest -->
    </test> <!-- Command line test -->
  </suite> <!-- Command line suite -->
</testng-results>
